<?xml version="1.0" encoding="UTF-8"?>
<testng-results skipped="0" failed="2" ignored="1" total="5" passed="2">
  <reporter-output>
  </reporter-output>
  <suite name="Suite" duration-ms="88703" started-at="2021-07-22T09:32:19Z" finished-at="2021-07-22T09:33:48Z">
    <groups>
    </groups>
    <test name="Test" duration-ms="88703" started-at="2021-07-22T09:32:19Z" finished-at="2021-07-22T09:33:48Z">
      <class name="PhpTravelsTest.RegistrationTest">
        <test-method status="PASS" signature="before()[pri:0, instance:PhpTravelsTest.RegistrationTest@7e07db1f]" name="before" is-config="true" duration-ms="8387" started-at="2021-07-22T09:32:20Z" finished-at="2021-07-22T09:32:28Z">
          <reporter-output>
          </reporter-output>
        </test-method> <!-- before -->
        <test-method status="PASS" signature="ExcelPassingValuesRegistrationTest(java.lang.String, java.lang.String, java.lang.String, java.lang.String, java.lang.String, java.lang.String, java.lang.String, java.lang.String, java.lang.String, java.lang.String)[pri:0, instance:PhpTravelsTest.RegistrationTest@7e07db1f]" name="ExcelPassingValuesRegistrationTest" duration-ms="13866" started-at="2021-07-22T09:32:28Z" data-provider="reg" finished-at="2021-07-22T09:32:42Z">
          <params>
            <param index="0">
              <value>
                <![CDATA[Test1@test1.te1]]>
              </value>
            </param>
            <param index="1">
              <value>
                <![CDATA[Adam]]>
              </value>
            </param>
            <param index="2">
              <value>
                <![CDATA[Atest]]>
              </value>
            </param>
            <param index="3">
              <value>
                <![CDATA[345345.0]]>
              </value>
            </param>
            <param index="4">
              <value>
                <![CDATA[no 5 wer]]>
              </value>
            </param>
            <param index="5">
              <value>
                <![CDATA[Dublin]]>
              </value>
            </param>
            <param index="6">
              <value>
                <![CDATA[Iowa]]>
              </value>
            </param>
            <param index="7">
              <value>
                <![CDATA[00000]]>
              </value>
            </param>
            <param index="8">
              <value>
                <![CDATA[United States]]>
              </value>
            </param>
            <param index="9">
              <value>
                <![CDATA[34500000]]>
              </value>
            </param>
          </params>
          <reporter-output>
          </reporter-output>
        </test-method> <!-- ExcelPassingValuesRegistrationTest -->
        <test-method status="PASS" signature="after()[pri:0, instance:PhpTravelsTest.RegistrationTest@7e07db1f]" name="after" is-config="true" duration-ms="1192" started-at="2021-07-22T09:32:42Z" finished-at="2021-07-22T09:32:43Z">
          <reporter-output>
          </reporter-output>
        </test-method> <!-- after -->
        <test-method status="PASS" signature="before()[pri:0, instance:PhpTravelsTest.RegistrationTest@7e07db1f]" name="before" is-config="true" duration-ms="7039" started-at="2021-07-22T09:32:43Z" finished-at="2021-07-22T09:32:50Z">
          <reporter-output>
          </reporter-output>
        </test-method> <!-- before -->
        <test-method status="PASS" signature="ExcelPassingValuesRegistrationTest(java.lang.String, java.lang.String, java.lang.String, java.lang.String, java.lang.String, java.lang.String, java.lang.String, java.lang.String, java.lang.String, java.lang.String)[pri:0, instance:PhpTravelsTest.RegistrationTest@7e07db1f]" name="ExcelPassingValuesRegistrationTest" duration-ms="12597" started-at="2021-07-22T09:32:50Z" data-provider="reg" finished-at="2021-07-22T09:33:03Z">
          <params>
            <param index="0">
              <value>
                <![CDATA[Tes2@test2.te2]]>
              </value>
            </param>
            <param index="1">
              <value>
                <![CDATA[Ola]]>
              </value>
            </param>
            <param index="2">
              <value>
                <![CDATA[Btest]]>
              </value>
            </param>
            <param index="3">
              <value>
                <![CDATA[345345.0]]>
              </value>
            </param>
            <param index="4">
              <value>
                <![CDATA[no 45 tretdfg]]>
              </value>
            </param>
            <param index="5">
              <value>
                <![CDATA[Sligo]]>
              </value>
            </param>
            <param index="6">
              <value>
                <![CDATA[Alaska]]>
              </value>
            </param>
            <param index="7">
              <value>
                <![CDATA[00000]]>
              </value>
            </param>
            <param index="8">
              <value>
                <![CDATA[United States]]>
              </value>
            </param>
            <param index="9">
              <value>
                <![CDATA[34500021]]>
              </value>
            </param>
          </params>
          <reporter-output>
          </reporter-output>
        </test-method> <!-- ExcelPassingValuesRegistrationTest -->
        <test-method status="PASS" signature="after()[pri:0, instance:PhpTravelsTest.RegistrationTest@7e07db1f]" name="after" is-config="true" duration-ms="1522" started-at="2021-07-22T09:33:03Z" finished-at="2021-07-22T09:33:04Z">
          <reporter-output>
          </reporter-output>
        </test-method> <!-- after -->
        <test-method status="PASS" signature="before()[pri:0, instance:PhpTravelsTest.RegistrationTest@7e07db1f]" name="before" is-config="true" duration-ms="6936" started-at="2021-07-22T09:33:04Z" finished-at="2021-07-22T09:33:11Z">
          <reporter-output>
          </reporter-output>
        </test-method> <!-- before -->
        <test-method status="FAIL" signature="ExcelPassingValuesRegistrationTest2(java.lang.String, java.lang.String, java.lang.String, java.lang.String, java.lang.String, java.lang.String, java.lang.String, java.lang.String, java.lang.String, java.lang.String)[pri:0, instance:PhpTravelsTest.RegistrationTest@7e07db1f]" name="ExcelPassingValuesRegistrationTest2" duration-ms="11580" started-at="2021-07-22T09:33:11Z" data-provider="log" finished-at="2021-07-22T09:33:23Z">
          <params>
            <param index="0">
              <value>
                <![CDATA[Lo1@test1.te1]]>
              </value>
            </param>
            <param index="1">
              <value>
                <![CDATA[Adam]]>
              </value>
            </param>
            <param index="2">
              <value>
                <![CDATA[LogA]]>
              </value>
            </param>
            <param index="3">
              <value>
                <![CDATA[345345.0]]>
              </value>
            </param>
            <param index="4">
              <value>
                <![CDATA[no 5 wer]]>
              </value>
            </param>
            <param index="5">
              <value>
                <![CDATA[Dublin]]>
              </value>
            </param>
            <param index="6">
              <value>
                <![CDATA[Iowa]]>
              </value>
            </param>
            <param index="7">
              <value>
                <![CDATA[00000]]>
              </value>
            </param>
            <param index="8">
              <value>
                <![CDATA[United States]]>
              </value>
            </param>
            <param index="9">
              <value>
                <![CDATA[34500000]]>
              </value>
            </param>
          </params>
          <exception class="java.lang.AssertionError">
            <message>
              <![CDATA[expected [Sign Out] but found [Sign out]]]>
            </message>
            <full-stacktrace>
              <![CDATA[java.lang.AssertionError: expected [Sign Out] but found [Sign out]
at org.testng.Assert.fail(Assert.java:96)
at org.testng.Assert.failNotEquals(Assert.java:776)
at org.testng.Assert.assertEqualsImpl(Assert.java:137)
at org.testng.Assert.assertEquals(Assert.java:118)
at org.testng.Assert.assertEquals(Assert.java:453)
at org.testng.Assert.assertEquals(Assert.java:463)
at PhpTravelsTest.RegistrationTest.ExcelPassingValuesRegistrationTest2(RegistrationTest.java:134)
at sun.reflect.NativeMethodAccessorImpl.invoke0(Native Method)
at sun.reflect.NativeMethodAccessorImpl.invoke(Unknown Source)
at sun.reflect.DelegatingMethodAccessorImpl.invoke(Unknown Source)
at java.lang.reflect.Method.invoke(Unknown Source)
at org.testng.internal.MethodInvocationHelper.invokeMethod(MethodInvocationHelper.java:124)
at org.testng.internal.Invoker.invokeMethod(Invoker.java:580)
at org.testng.internal.Invoker.invokeTestMethod(Invoker.java:716)
at org.testng.internal.Invoker.invokeTestMethods(Invoker.java:988)
at org.testng.internal.TestMethodWorker.invokeTestMethods(TestMethodWorker.java:125)
at org.testng.internal.TestMethodWorker.run(TestMethodWorker.java:109)
at org.testng.TestRunner.privateRun(TestRunner.java:648)
at org.testng.TestRunner.run(TestRunner.java:505)
at org.testng.SuiteRunner.runTest(SuiteRunner.java:455)
at org.testng.SuiteRunner.runSequentially(SuiteRunner.java:450)
at org.testng.SuiteRunner.privateRun(SuiteRunner.java:415)
at org.testng.SuiteRunner.run(SuiteRunner.java:364)
at org.testng.SuiteRunnerWorker.runSuite(SuiteRunnerWorker.java:52)
at org.testng.SuiteRunnerWorker.run(SuiteRunnerWorker.java:84)
at org.testng.TestNG.runSuitesSequentially(TestNG.java:1208)
at org.testng.TestNG.runSuitesLocally(TestNG.java:1137)
at org.testng.TestNG.runSuites(TestNG.java:1049)
at org.testng.TestNG.run(TestNG.java:1017)
at org.testng.remote.AbstractRemoteTestNG.run(AbstractRemoteTestNG.java:114)
at org.testng.remote.RemoteTestNG.initAndRun(RemoteTestNG.java:251)
at org.testng.remote.RemoteTestNG.main(RemoteTestNG.java:77)
]]>
            </full-stacktrace>
          </exception> <!-- java.lang.AssertionError -->
          <reporter-output>
          </reporter-output>
        </test-method> <!-- ExcelPassingValuesRegistrationTest2 -->
        <test-method status="PASS" signature="after()[pri:0, instance:PhpTravelsTest.RegistrationTest@7e07db1f]" name="after" is-config="true" duration-ms="1163" started-at="2021-07-22T09:33:23Z" finished-at="2021-07-22T09:33:24Z">
          <reporter-output>
          </reporter-output>
        </test-method> <!-- after -->
        <test-method status="PASS" signature="before()[pri:0, instance:PhpTravelsTest.RegistrationTest@7e07db1f]" name="before" is-config="true" duration-ms="7923" started-at="2021-07-22T09:33:24Z" finished-at="2021-07-22T09:33:32Z">
          <reporter-output>
          </reporter-output>
        </test-method> <!-- before -->
        <test-method status="FAIL" signature="ExcelPassingValuesRegistrationTest2(java.lang.String, java.lang.String, java.lang.String, java.lang.String, java.lang.String, java.lang.String, java.lang.String, java.lang.String, java.lang.String, java.lang.String)[pri:0, instance:PhpTravelsTest.RegistrationTest@7e07db1f]" name="ExcelPassingValuesRegistrationTest2" duration-ms="13959" started-at="2021-07-22T09:33:32Z" data-provider="log" finished-at="2021-07-22T09:33:46Z">
          <params>
            <param index="0">
              <value>
                <![CDATA[Log2@test2.te2]]>
              </value>
            </param>
            <param index="1">
              <value>
                <![CDATA[Ola]]>
              </value>
            </param>
            <param index="2">
              <value>
                <![CDATA[LogB]]>
              </value>
            </param>
            <param index="3">
              <value>
                <![CDATA[345345.0]]>
              </value>
            </param>
            <param index="4">
              <value>
                <![CDATA[no 45 tretdfg]]>
              </value>
            </param>
            <param index="5">
              <value>
                <![CDATA[Sligo]]>
              </value>
            </param>
            <param index="6">
              <value>
                <![CDATA[Alaska]]>
              </value>
            </param>
            <param index="7">
              <value>
                <![CDATA[00000]]>
              </value>
            </param>
            <param index="8">
              <value>
                <![CDATA[United States]]>
              </value>
            </param>
            <param index="9">
              <value>
                <![CDATA[34500021]]>
              </value>
            </param>
          </params>
          <exception class="org.openqa.selenium.TimeoutException">
            <message>
              <![CDATA[Expected condition failed: waiting for visibility of Proxy element for: DefaultElementLocator 'By.xpath: //div/a[contains(text(),'Sign out')]' (tried for 5 second(s) with 500 milliseconds interval)]]>
            </message>
            <full-stacktrace>
              <![CDATA[org.openqa.selenium.TimeoutException: Expected condition failed: waiting for visibility of Proxy element for: DefaultElementLocator 'By.xpath: //div/a[contains(text(),'Sign out')]' (tried for 5 second(s) with 500 milliseconds interval)
at org.openqa.selenium.support.ui.WebDriverWait.timeoutException(WebDriverWait.java:95)
at org.openqa.selenium.support.ui.FluentWait.until(FluentWait.java:272)
at PageObjects.AfterLoginPage.WaitForSignOutElement(AfterLoginPage.java:36)
at PhpTravelsTest.RegistrationTest.ExcelPassingValuesRegistrationTest2(RegistrationTest.java:129)
at sun.reflect.NativeMethodAccessorImpl.invoke0(Native Method)
at sun.reflect.NativeMethodAccessorImpl.invoke(Unknown Source)
at sun.reflect.DelegatingMethodAccessorImpl.invoke(Unknown Source)
at java.lang.reflect.Method.invoke(Unknown Source)
at org.testng.internal.MethodInvocationHelper.invokeMethod(MethodInvocationHelper.java:124)
at org.testng.internal.Invoker.invokeMethod(Invoker.java:580)
at org.testng.internal.Invoker.invokeTestMethod(Invoker.java:716)
at org.testng.internal.Invoker.invokeTestMethods(Invoker.java:988)
at org.testng.internal.TestMethodWorker.invokeTestMethods(TestMethodWorker.java:125)
at org.testng.internal.TestMethodWorker.run(TestMethodWorker.java:109)
at org.testng.TestRunner.privateRun(TestRunner.java:648)
at org.testng.TestRunner.run(TestRunner.java:505)
at org.testng.SuiteRunner.runTest(SuiteRunner.java:455)
at org.testng.SuiteRunner.runSequentially(SuiteRunner.java:450)
at org.testng.SuiteRunner.privateRun(SuiteRunner.java:415)
at org.testng.SuiteRunner.run(SuiteRunner.java:364)
at org.testng.SuiteRunnerWorker.runSuite(SuiteRunnerWorker.java:52)
at org.testng.SuiteRunnerWorker.run(SuiteRunnerWorker.java:84)
at org.testng.TestNG.runSuitesSequentially(TestNG.java:1208)
at org.testng.TestNG.runSuitesLocally(TestNG.java:1137)
at org.testng.TestNG.runSuites(TestNG.java:1049)
at org.testng.TestNG.run(TestNG.java:1017)
at org.testng.remote.AbstractRemoteTestNG.run(AbstractRemoteTestNG.java:114)
at org.testng.remote.RemoteTestNG.initAndRun(RemoteTestNG.java:251)
at org.testng.remote.RemoteTestNG.main(RemoteTestNG.java:77)
Caused by: org.openqa.selenium.NoSuchElementException: no such element: Unable to locate element: {"method":"xpath","selector":"//div/a[contains(text(),'Sign out')]"}
  (Session info: chrome=91.0.4472.164)
For documentation on this error, please visit: https://www.seleniumhq.org/exceptions/no_such_element.html
Build info: version: '3.141.59', revision: 'e82be7d358', time: '2018-11-14T08:17:03'
System info: host: 'LIE-CZ9NTC2', ip: '192.168.1.5', os.name: 'Windows 10', os.arch: 'amd64', os.version: '10.0', java.version: '1.8.0_251'
Driver info: org.openqa.selenium.chrome.ChromeDriver
Capabilities {acceptInsecureCerts: false, browserName: chrome, browserVersion: 91.0.4472.164, chrome: {chromedriverVersion: 91.0.4472.101 (af52a90bf870..., userDataDir: C:\Users\kgajdosz\AppData\L...}, goog:chromeOptions: {debuggerAddress: localhost:49690}, javascriptEnabled: true, networkConnectionEnabled: false, pageLoadStrategy: normal, platform: WINDOWS, platformName: WINDOWS, proxy: Proxy(), setWindowRect: true, strictFileInteractability: false, timeouts: {implicit: 0, pageLoad: 300000, script: 30000}, unhandledPromptBehavior: dismiss and notify, webauthn:extension:largeBlob: true, webauthn:virtualAuthenticators: true}
Session ID: 292653f5ed0797f5234a79a215fa04c6
*** Element info: {Using=xpath, value=//div/a[contains(text(),'Sign out')]}
at sun.reflect.GeneratedConstructorAccessor29.newInstance(Unknown Source)
at sun.reflect.DelegatingConstructorAccessorImpl.newInstance(Unknown Source)
at java.lang.reflect.Constructor.newInstance(Unknown Source)
at org.openqa.selenium.remote.http.W3CHttpResponseCodec.createException(W3CHttpResponseCodec.java:187)
at org.openqa.selenium.remote.http.W3CHttpResponseCodec.decode(W3CHttpResponseCodec.java:122)
at org.openqa.selenium.remote.http.W3CHttpResponseCodec.decode(W3CHttpResponseCodec.java:49)
at org.openqa.selenium.remote.HttpCommandExecutor.execute(HttpCommandExecutor.java:158)
at org.openqa.selenium.remote.service.DriverCommandExecutor.execute(DriverCommandExecutor.java:83)
at org.openqa.selenium.remote.RemoteWebDriver.execute(RemoteWebDriver.java:552)
at org.openqa.selenium.remote.RemoteWebDriver.findElement(RemoteWebDriver.java:323)
at org.openqa.selenium.remote.RemoteWebDriver.findElementByXPath(RemoteWebDriver.java:428)
at org.openqa.selenium.By$ByXPath.findElement(By.java:353)
at org.openqa.selenium.remote.RemoteWebDriver.findElement(RemoteWebDriver.java:315)
at org.openqa.selenium.support.pagefactory.DefaultElementLocator.findElement(DefaultElementLocator.java:69)
at org.openqa.selenium.support.pagefactory.internal.LocatingElementHandler.invoke(LocatingElementHandler.java:38)
at com.sun.proxy.$Proxy10.isDisplayed(Unknown Source)
at org.openqa.selenium.support.ui.ExpectedConditions.elementIfVisible(ExpectedConditions.java:314)
at org.openqa.selenium.support.ui.ExpectedConditions.access$000(ExpectedConditions.java:43)
at org.openqa.selenium.support.ui.ExpectedConditions$10.apply(ExpectedConditions.java:300)
at org.openqa.selenium.support.ui.ExpectedConditions$10.apply(ExpectedConditions.java:297)
at org.openqa.selenium.support.ui.FluentWait.until(FluentWait.java:249)
... 27 more
]]>
            </full-stacktrace>
          </exception> <!-- org.openqa.selenium.TimeoutException -->
          <reporter-output>
          </reporter-output>
        </test-method> <!-- ExcelPassingValuesRegistrationTest2 -->
        <test-method status="PASS" signature="after()[pri:0, instance:PhpTravelsTest.RegistrationTest@7e07db1f]" name="after" is-config="true" duration-ms="1152" started-at="2021-07-22T09:33:47Z" finished-at="2021-07-22T09:33:48Z">
          <reporter-output>
          </reporter-output>
        </test-method> <!-- after -->
      </class> <!-- PhpTravelsTest.RegistrationTest -->
    </test> <!-- Test -->
  </suite> <!-- Suite -->
</testng-results>
